CRITICAL - 2024-12-05 00:57:36 --> ArgumentCountError: Too few arguments to function App\Controllers\Home::simpanK(), 0 passed in C:\laragon\www\Project009\system\CodeIgniter.php on line 933 and exactly 1 expected
[Method: POST, Route: Home/simpanKriteria]
in APPPATH\Controllers\Home.php on line 40.
 1 SYSTEMPATH\CodeIgniter.php(933): App\Controllers\Home->simpanK()
 2 SYSTEMPATH\CodeIgniter.php(509): CodeIgniter\CodeIgniter->runController(Object(App\Controllers\Home))
 3 SYSTEMPATH\CodeIgniter.php(355): CodeIgniter\CodeIgniter->handleRequest(null, Object(Config\Cache), false)
 4 SYSTEMPATH\Boot.php(325): CodeIgniter\CodeIgniter->run()
 5 SYSTEMPATH\Boot.php(67): CodeIgniter\Boot::runCodeIgniter(Object(CodeIgniter\CodeIgniter))
 6 FCPATH\index.php(56): CodeIgniter\Boot::bootWeb(Object(Config\Paths))
 7 SYSTEMPATH\rewrite.php(44): require_once('C:\\laragon\\www\\Project009\\public\\index.php')
CRITICAL - 2024-12-05 01:04:46 --> ErrorException: Undefined variable $kriteria
[Method: GET, Route: Home/editkriteria/2]
in APPPATH\Views\update_kriteria.php on line 9.
 1 APPPATH\Views\update_kriteria.php(9): CodeIgniter\Debug\Exceptions->errorHandler(2, 'Undefined variable $kriteria', 'C:\\laragon\\www\\Project009\\app\\Views\\update_kriteria.php', 9)
 2 SYSTEMPATH\View\View.php(234): include('C:\\laragon\\www\\Project009\\app\\Views\\update_kriteria.php')
 3 SYSTEMPATH\View\View.php(237): CodeIgniter\View\View->CodeIgniter\View\{closure}()
 4 SYSTEMPATH\Common.php(1171): CodeIgniter\View\View->render('update_kriteria', [], true)
 5 APPPATH\Controllers\Home.php(134): view('update_kriteria')
 6 SYSTEMPATH\CodeIgniter.php(933): App\Controllers\Home->formEditKriteria('2')
 7 SYSTEMPATH\CodeIgniter.php(509): CodeIgniter\CodeIgniter->runController(Object(App\Controllers\Home))
 8 SYSTEMPATH\CodeIgniter.php(355): CodeIgniter\CodeIgniter->handleRequest(null, Object(Config\Cache), false)
 9 SYSTEMPATH\Boot.php(325): CodeIgniter\CodeIgniter->run()
10 SYSTEMPATH\Boot.php(67): CodeIgniter\Boot::runCodeIgniter(Object(CodeIgniter\CodeIgniter))
11 FCPATH\index.php(56): CodeIgniter\Boot::bootWeb(Object(Config\Paths))
12 SYSTEMPATH\rewrite.php(44): require_once('C:\\laragon\\www\\Project009\\public\\index.php')
