ERROR - 2024-11-29 12:37:33 --> Error connecting to the database: mysqli_sql_exception: Access denied for user 'root'@'localhost' (using password: NO) in C:\laragon\www\Project009\system\Database\MySQLi\Connection.php:187
Stack trace:
#0 C:\laragon\www\Project009\system\Database\MySQLi\Connection.php(187): mysqli->real_connect('localhost', 'root', '', 'db_saw', 3306, '', 0)
#1 C:\laragon\www\Project009\system\Database\BaseConnection.php(421): CodeIgniter\Database\MySQLi\Connection->connect(false)
#2 C:\laragon\www\Project009\system\Database\BaseConnection.php(616): CodeIgniter\Database\BaseConnection->initialize()
#3 C:\laragon\www\Project009\app\Models\datakriteria_model.php(16): CodeIgniter\Database\BaseConnection->query('select * from k...')
#4 C:\laragon\www\Project009\app\Controllers\Home.php(114): App\Models\datakriteria_model->tampilkriteria()
#5 C:\laragon\www\Project009\system\CodeIgniter.php(933): App\Controllers\Home->viewkriteria()
#6 C:\laragon\www\Project009\system\CodeIgniter.php(509): CodeIgniter\CodeIgniter->runController(Object(App\Controllers\Home))
#7 C:\laragon\www\Project009\system\CodeIgniter.php(355): CodeIgniter\CodeIgniter->handleRequest(NULL, Object(Config\Cache), false)
#8 C:\laragon\www\Project009\system\Boot.php(325): CodeIgniter\CodeIgniter->run()
#9 C:\laragon\www\Project009\system\Boot.php(67): CodeIgniter\Boot::runCodeIgniter(Object(CodeIgniter\CodeIgniter))
#10 C:\laragon\www\Project009\public\index.php(56): CodeIgniter\Boot::bootWeb(Object(Config\Paths))
#11 C:\laragon\www\Project009\system\rewrite.php(44): require_once('C:\\laragon\\www\\...')
#12 {main}

Next CodeIgniter\Database\Exceptions\DatabaseException: Access denied for user '****'@'localhost' (using password: NO) in C:\laragon\www\Project009\system\Database\MySQLi\Connection.php:231
Stack trace:
#0 C:\laragon\www\Project009\system\Database\BaseConnection.php(421): CodeIgniter\Database\MySQLi\Connection->connect(false)
#1 C:\laragon\www\Project009\system\Database\BaseConnection.php(616): CodeIgniter\Database\BaseConnection->initialize()
#2 C:\laragon\www\Project009\app\Models\datakriteria_model.php(16): CodeIgniter\Database\BaseConnection->query('select * from k...')
#3 C:\laragon\www\Project009\app\Controllers\Home.php(114): App\Models\datakriteria_model->tampilkriteria()
#4 C:\laragon\www\Project009\system\CodeIgniter.php(933): App\Controllers\Home->viewkriteria()
#5 C:\laragon\www\Project009\system\CodeIgniter.php(509): CodeIgniter\CodeIgniter->runController(Object(App\Controllers\Home))
#6 C:\laragon\www\Project009\system\CodeIgniter.php(355): CodeIgniter\CodeIgniter->handleRequest(NULL, Object(Config\Cache), false)
#7 C:\laragon\www\Project009\system\Boot.php(325): CodeIgniter\CodeIgniter->run()
#8 C:\laragon\www\Project009\system\Boot.php(67): CodeIgniter\Boot::runCodeIgniter(Object(CodeIgniter\CodeIgniter))
#9 C:\laragon\www\Project009\public\index.php(56): CodeIgniter\Boot::bootWeb(Object(Config\Paths))
#10 C:\laragon\www\Project009\system\rewrite.php(44): require_once('C:\\laragon\\www\\...')
#11 {main}
CRITICAL - 2024-11-29 12:37:33 --> CodeIgniter\Database\Exceptions\DatabaseException: Unable to connect to the database.
Main connection [MySQLi]: Access denied for user '****'@'localhost' (using password: NO)
[Method: GET, Route: Home/viewkriteria]
in SYSTEMPATH\Database\BaseConnection.php on line 467.
 1 SYSTEMPATH\Database\BaseConnection.php(616): CodeIgniter\Database\BaseConnection->initialize()
 2 APPPATH\Models\datakriteria_model.php(16): CodeIgniter\Database\BaseConnection->query('select * from kriteria')
 3 APPPATH\Controllers\Home.php(114): App\Models\datakriteria_model->tampilkriteria()
 4 SYSTEMPATH\CodeIgniter.php(933): App\Controllers\Home->viewkriteria()
 5 SYSTEMPATH\CodeIgniter.php(509): CodeIgniter\CodeIgniter->runController(Object(App\Controllers\Home))
 6 SYSTEMPATH\CodeIgniter.php(355): CodeIgniter\CodeIgniter->handleRequest(null, Object(Config\Cache), false)
 7 SYSTEMPATH\Boot.php(325): CodeIgniter\CodeIgniter->run()
 8 SYSTEMPATH\Boot.php(67): CodeIgniter\Boot::runCodeIgniter(Object(CodeIgniter\CodeIgniter))
 9 FCPATH\index.php(56): CodeIgniter\Boot::bootWeb(Object(Config\Paths))
10 SYSTEMPATH\rewrite.php(44): require_once('C:\\laragon\\www\\Project009\\public\\index.php')
ERROR - 2024-11-29 12:40:47 --> Error connecting to the database: mysqli_sql_exception: Access denied for user 'root'@'localhost' (using password: NO) in C:\laragon\www\Project009\system\Database\MySQLi\Connection.php:187
Stack trace:
#0 C:\laragon\www\Project009\system\Database\MySQLi\Connection.php(187): mysqli->real_connect('localhost', 'root', '', 'db_saw', 3306, '', 0)
#1 C:\laragon\www\Project009\system\Database\BaseConnection.php(421): CodeIgniter\Database\MySQLi\Connection->connect(false)
#2 C:\laragon\www\Project009\system\Database\BaseConnection.php(616): CodeIgniter\Database\BaseConnection->initialize()
#3 C:\laragon\www\Project009\app\Models\datakriteria_model.php(16): CodeIgniter\Database\BaseConnection->query('select * from k...')
#4 C:\laragon\www\Project009\app\Controllers\Home.php(114): App\Models\datakriteria_model->tampilkriteria()
#5 C:\laragon\www\Project009\system\CodeIgniter.php(933): App\Controllers\Home->viewkriteria()
#6 C:\laragon\www\Project009\system\CodeIgniter.php(509): CodeIgniter\CodeIgniter->runController(Object(App\Controllers\Home))
#7 C:\laragon\www\Project009\system\CodeIgniter.php(355): CodeIgniter\CodeIgniter->handleRequest(NULL, Object(Config\Cache), false)
#8 C:\laragon\www\Project009\system\Boot.php(325): CodeIgniter\CodeIgniter->run()
#9 C:\laragon\www\Project009\system\Boot.php(67): CodeIgniter\Boot::runCodeIgniter(Object(CodeIgniter\CodeIgniter))
#10 C:\laragon\www\Project009\public\index.php(56): CodeIgniter\Boot::bootWeb(Object(Config\Paths))
#11 C:\laragon\www\Project009\system\rewrite.php(44): require_once('C:\\laragon\\www\\...')
#12 {main}

Next CodeIgniter\Database\Exceptions\DatabaseException: Access denied for user '****'@'localhost' (using password: NO) in C:\laragon\www\Project009\system\Database\MySQLi\Connection.php:231
Stack trace:
#0 C:\laragon\www\Project009\system\Database\BaseConnection.php(421): CodeIgniter\Database\MySQLi\Connection->connect(false)
#1 C:\laragon\www\Project009\system\Database\BaseConnection.php(616): CodeIgniter\Database\BaseConnection->initialize()
#2 C:\laragon\www\Project009\app\Models\datakriteria_model.php(16): CodeIgniter\Database\BaseConnection->query('select * from k...')
#3 C:\laragon\www\Project009\app\Controllers\Home.php(114): App\Models\datakriteria_model->tampilkriteria()
#4 C:\laragon\www\Project009\system\CodeIgniter.php(933): App\Controllers\Home->viewkriteria()
#5 C:\laragon\www\Project009\system\CodeIgniter.php(509): CodeIgniter\CodeIgniter->runController(Object(App\Controllers\Home))
#6 C:\laragon\www\Project009\system\CodeIgniter.php(355): CodeIgniter\CodeIgniter->handleRequest(NULL, Object(Config\Cache), false)
#7 C:\laragon\www\Project009\system\Boot.php(325): CodeIgniter\CodeIgniter->run()
#8 C:\laragon\www\Project009\system\Boot.php(67): CodeIgniter\Boot::runCodeIgniter(Object(CodeIgniter\CodeIgniter))
#9 C:\laragon\www\Project009\public\index.php(56): CodeIgniter\Boot::bootWeb(Object(Config\Paths))
#10 C:\laragon\www\Project009\system\rewrite.php(44): require_once('C:\\laragon\\www\\...')
#11 {main}
CRITICAL - 2024-11-29 12:40:47 --> CodeIgniter\Database\Exceptions\DatabaseException: Unable to connect to the database.
Main connection [MySQLi]: Access denied for user '****'@'localhost' (using password: NO)
[Method: GET, Route: Home/viewkriteria]
in SYSTEMPATH\Database\BaseConnection.php on line 467.
 1 SYSTEMPATH\Database\BaseConnection.php(616): CodeIgniter\Database\BaseConnection->initialize()
 2 APPPATH\Models\datakriteria_model.php(16): CodeIgniter\Database\BaseConnection->query('select * from kriteria')
 3 APPPATH\Controllers\Home.php(114): App\Models\datakriteria_model->tampilkriteria()
 4 SYSTEMPATH\CodeIgniter.php(933): App\Controllers\Home->viewkriteria()
 5 SYSTEMPATH\CodeIgniter.php(509): CodeIgniter\CodeIgniter->runController(Object(App\Controllers\Home))
 6 SYSTEMPATH\CodeIgniter.php(355): CodeIgniter\CodeIgniter->handleRequest(null, Object(Config\Cache), false)
 7 SYSTEMPATH\Boot.php(325): CodeIgniter\CodeIgniter->run()
 8 SYSTEMPATH\Boot.php(67): CodeIgniter\Boot::runCodeIgniter(Object(CodeIgniter\CodeIgniter))
 9 FCPATH\index.php(56): CodeIgniter\Boot::bootWeb(Object(Config\Paths))
10 SYSTEMPATH\rewrite.php(44): require_once('C:\\laragon\\www\\Project009\\public\\index.php')
CRITICAL - 2024-11-29 13:22:00 --> ErrorException: Undefined property: stdClass::$supplier_id
[Method: GET, Route: Home/viewkonversi]
in APPPATH\Views\view_konversi.php on line 33.
 1 APPPATH\Views\view_konversi.php(33): CodeIgniter\Debug\Exceptions->errorHandler(2, 'Undefined property: stdClass::$supplier_id', 'C:\\laragon\\www\\Project009\\app\\Views\\view_konversi.php', 33)
 2 SYSTEMPATH\View\View.php(234): include('C:\\laragon\\www\\Project009\\app\\Views\\view_konversi.php')
 3 SYSTEMPATH\View\View.php(237): CodeIgniter\View\View->CodeIgniter\View\{closure}()
 4 SYSTEMPATH\Common.php(1171): CodeIgniter\View\View->render('view_konversi', [], true)
 5 APPPATH\Controllers\Home.php(107): view('view_konversi', [...])
 6 SYSTEMPATH\CodeIgniter.php(933): App\Controllers\Home->viewkonversi()
 7 SYSTEMPATH\CodeIgniter.php(509): CodeIgniter\CodeIgniter->runController(Object(App\Controllers\Home))
 8 SYSTEMPATH\CodeIgniter.php(355): CodeIgniter\CodeIgniter->handleRequest(null, Object(Config\Cache), false)
 9 SYSTEMPATH\Boot.php(325): CodeIgniter\CodeIgniter->run()
10 SYSTEMPATH\Boot.php(67): CodeIgniter\Boot::runCodeIgniter(Object(CodeIgniter\CodeIgniter))
11 FCPATH\index.php(56): CodeIgniter\Boot::bootWeb(Object(Config\Paths))
12 SYSTEMPATH\rewrite.php(44): require_once('C:\\laragon\\www\\Project009\\public\\index.php')
CRITICAL - 2024-11-29 13:24:23 --> ErrorException: Undefined property: stdClass::$supplier_id
[Method: GET, Route: Home/viewkonversi]
in APPPATH\Views\view_konversi.php on line 33.
 1 APPPATH\Views\view_konversi.php(33): CodeIgniter\Debug\Exceptions->errorHandler(2, 'Undefined property: stdClass::$supplier_id', 'C:\\laragon\\www\\Project009\\app\\Views\\view_konversi.php', 33)
 2 SYSTEMPATH\View\View.php(234): include('C:\\laragon\\www\\Project009\\app\\Views\\view_konversi.php')
 3 SYSTEMPATH\View\View.php(237): CodeIgniter\View\View->CodeIgniter\View\{closure}()
 4 SYSTEMPATH\Common.php(1171): CodeIgniter\View\View->render('view_konversi', [], true)
 5 APPPATH\Controllers\Home.php(107): view('view_konversi', [...])
 6 SYSTEMPATH\CodeIgniter.php(933): App\Controllers\Home->viewkonversi()
 7 SYSTEMPATH\CodeIgniter.php(509): CodeIgniter\CodeIgniter->runController(Object(App\Controllers\Home))
 8 SYSTEMPATH\CodeIgniter.php(355): CodeIgniter\CodeIgniter->handleRequest(null, Object(Config\Cache), false)
 9 SYSTEMPATH\Boot.php(325): CodeIgniter\CodeIgniter->run()
10 SYSTEMPATH\Boot.php(67): CodeIgniter\Boot::runCodeIgniter(Object(CodeIgniter\CodeIgniter))
11 FCPATH\index.php(56): CodeIgniter\Boot::bootWeb(Object(Config\Paths))
12 SYSTEMPATH\rewrite.php(44): require_once('C:\\laragon\\www\\Project009\\public\\index.php')
CRITICAL - 2024-11-29 13:24:26 --> ErrorException: Undefined property: stdClass::$supplier_id
[Method: GET, Route: Home/viewalternatif]
in APPPATH\Views\viewalternatif.php on line 28.
 1 APPPATH\Views\viewalternatif.php(28): CodeIgniter\Debug\Exceptions->errorHandler(2, 'Undefined property: stdClass::$supplier_id', 'C:\\laragon\\www\\Project009\\app\\Views\\viewalternatif.php', 28)
 2 SYSTEMPATH\View\View.php(234): include('C:\\laragon\\www\\Project009\\app\\Views\\viewalternatif.php')
 3 SYSTEMPATH\View\View.php(237): CodeIgniter\View\View->CodeIgniter\View\{closure}()
 4 SYSTEMPATH\Common.php(1171): CodeIgniter\View\View->render('viewalternatif', [], true)
 5 APPPATH\Controllers\Home.php(49): view('viewalternatif', [...])
 6 SYSTEMPATH\CodeIgniter.php(933): App\Controllers\Home->viewalternatif()
 7 SYSTEMPATH\CodeIgniter.php(509): CodeIgniter\CodeIgniter->runController(Object(App\Controllers\Home))
 8 SYSTEMPATH\CodeIgniter.php(355): CodeIgniter\CodeIgniter->handleRequest(null, Object(Config\Cache), false)
 9 SYSTEMPATH\Boot.php(325): CodeIgniter\CodeIgniter->run()
10 SYSTEMPATH\Boot.php(67): CodeIgniter\Boot::runCodeIgniter(Object(CodeIgniter\CodeIgniter))
11 FCPATH\index.php(56): CodeIgniter\Boot::bootWeb(Object(Config\Paths))
12 SYSTEMPATH\rewrite.php(44): require_once('C:\\laragon\\www\\Project009\\public\\index.php')
CRITICAL - 2024-11-29 13:24:50 --> ErrorException: Undefined property: stdClass::$supplier_id
[Method: GET, Route: Home/viewalternatif]
in APPPATH\Views\viewalternatif.php on line 39.
 1 APPPATH\Views\viewalternatif.php(39): CodeIgniter\Debug\Exceptions->errorHandler(2, 'Undefined property: stdClass::$supplier_id', 'C:\\laragon\\www\\Project009\\app\\Views\\viewalternatif.php', 39)
 2 SYSTEMPATH\View\View.php(234): include('C:\\laragon\\www\\Project009\\app\\Views\\viewalternatif.php')
 3 SYSTEMPATH\View\View.php(237): CodeIgniter\View\View->CodeIgniter\View\{closure}()
 4 SYSTEMPATH\Common.php(1171): CodeIgniter\View\View->render('viewalternatif', [], true)
 5 APPPATH\Controllers\Home.php(49): view('viewalternatif', [...])
 6 SYSTEMPATH\CodeIgniter.php(933): App\Controllers\Home->viewalternatif()
 7 SYSTEMPATH\CodeIgniter.php(509): CodeIgniter\CodeIgniter->runController(Object(App\Controllers\Home))
 8 SYSTEMPATH\CodeIgniter.php(355): CodeIgniter\CodeIgniter->handleRequest(null, Object(Config\Cache), false)
 9 SYSTEMPATH\Boot.php(325): CodeIgniter\CodeIgniter->run()
10 SYSTEMPATH\Boot.php(67): CodeIgniter\Boot::runCodeIgniter(Object(CodeIgniter\CodeIgniter))
11 FCPATH\index.php(56): CodeIgniter\Boot::bootWeb(Object(Config\Paths))
12 SYSTEMPATH\rewrite.php(44): require_once('C:\\laragon\\www\\Project009\\public\\index.php')
CRITICAL - 2024-11-29 13:28:54 --> ErrorException: Undefined property: stdClass::$supplier_id
[Method: GET, Route: Home/formedit/1]
in APPPATH\Views\formedit.php on line 10.
 1 APPPATH\Views\formedit.php(10): CodeIgniter\Debug\Exceptions->errorHandler(2, 'Undefined property: stdClass::$supplier_id', 'C:\\laragon\\www\\Project009\\app\\Views\\formedit.php', 10)
 2 SYSTEMPATH\View\View.php(234): include('C:\\laragon\\www\\Project009\\app\\Views\\formedit.php')
 3 SYSTEMPATH\View\View.php(237): CodeIgniter\View\View->CodeIgniter\View\{closure}()
 4 SYSTEMPATH\Common.php(1171): CodeIgniter\View\View->render('formedit', [], true)
 5 APPPATH\Controllers\Home.php(60): view('formedit', [...])
 6 SYSTEMPATH\CodeIgniter.php(933): App\Controllers\Home->formedit('1')
 7 SYSTEMPATH\CodeIgniter.php(509): CodeIgniter\CodeIgniter->runController(Object(App\Controllers\Home))
 8 SYSTEMPATH\CodeIgniter.php(355): CodeIgniter\CodeIgniter->handleRequest(null, Object(Config\Cache), false)
 9 SYSTEMPATH\Boot.php(325): CodeIgniter\CodeIgniter->run()
10 SYSTEMPATH\Boot.php(67): CodeIgniter\Boot::runCodeIgniter(Object(CodeIgniter\CodeIgniter))
11 FCPATH\index.php(56): CodeIgniter\Boot::bootWeb(Object(Config\Paths))
12 SYSTEMPATH\rewrite.php(44): require_once('C:\\laragon\\www\\Project009\\public\\index.php')
ERROR - 2024-11-29 13:34:44 --> mysqli_sql_exception: Unknown column 'supplier_id' in 'where clause' in C:\laragon\www\Project009\system\Database\MySQLi\Connection.php:312
Stack trace:
#0 C:\laragon\www\Project009\system\Database\MySQLi\Connection.php(312): mysqli->query('UPDATE `alterna...', 0)
#1 C:\laragon\www\Project009\system\Database\BaseConnection.php(734): CodeIgniter\Database\MySQLi\Connection->execute('UPDATE `alterna...')
#2 C:\laragon\www\Project009\system\Database\BaseConnection.php(648): CodeIgniter\Database\BaseConnection->simpleQuery('UPDATE `alterna...')
#3 C:\laragon\www\Project009\system\Database\BaseBuilder.php(2516): CodeIgniter\Database\BaseConnection->query('UPDATE `alterna...', Array, false)
#4 C:\laragon\www\Project009\app\Models\dataalternatif_model.php(33): CodeIgniter\Database\BaseBuilder->update(Array, Array)
#5 C:\laragon\www\Project009\app\Controllers\Home.php(79): App\Models\dataalternatif_model->prosesEditA('alternatif', Array, Array)
#6 C:\laragon\www\Project009\system\CodeIgniter.php(933): App\Controllers\Home->update_data('3')
#7 C:\laragon\www\Project009\system\CodeIgniter.php(509): CodeIgniter\CodeIgniter->runController(Object(App\Controllers\Home))
#8 C:\laragon\www\Project009\system\CodeIgniter.php(355): CodeIgniter\CodeIgniter->handleRequest(NULL, Object(Config\Cache), false)
#9 C:\laragon\www\Project009\system\Boot.php(325): CodeIgniter\CodeIgniter->run()
#10 C:\laragon\www\Project009\system\Boot.php(67): CodeIgniter\Boot::runCodeIgniter(Object(CodeIgniter\CodeIgniter))
#11 C:\laragon\www\Project009\public\index.php(56): CodeIgniter\Boot::bootWeb(Object(Config\Paths))
#12 C:\laragon\www\Project009\system\rewrite.php(44): require_once('C:\\laragon\\www\\...')
#13 {main}
CRITICAL - 2024-11-29 13:34:44 --> CodeIgniter\Database\Exceptions\DatabaseException: Unknown column 'supplier_id' in 'where clause'
[Method: POST, Route: Home/update_data/3]
in SYSTEMPATH\Database\BaseConnection.php on line 688.
 1 SYSTEMPATH\Database\BaseBuilder.php(2516): CodeIgniter\Database\BaseConnection->query('UPDATE `alternatif` SET `supplier_id` = :supplier_id:, `name` = :name:
WHERE `supplier_id` = :supplier_id.1:', [...], false)
 2 APPPATH\Models\dataalternatif_model.php(33): CodeIgniter\Database\BaseBuilder->update([...], [...])
 3 APPPATH\Controllers\Home.php(79): App\Models\dataalternatif_model->prosesEditA('alternatif', [...], [...])
 4 SYSTEMPATH\CodeIgniter.php(933): App\Controllers\Home->update_data('3')
 5 SYSTEMPATH\CodeIgniter.php(509): CodeIgniter\CodeIgniter->runController(Object(App\Controllers\Home))
 6 SYSTEMPATH\CodeIgniter.php(355): CodeIgniter\CodeIgniter->handleRequest(null, Object(Config\Cache), false)
 7 SYSTEMPATH\Boot.php(325): CodeIgniter\CodeIgniter->run()
 8 SYSTEMPATH\Boot.php(67): CodeIgniter\Boot::runCodeIgniter(Object(CodeIgniter\CodeIgniter))
 9 FCPATH\index.php(56): CodeIgniter\Boot::bootWeb(Object(Config\Paths))
10 SYSTEMPATH\rewrite.php(44): require_once('C:\\laragon\\www\\Project009\\public\\index.php')
CRITICAL - 2024-11-29 13:34:44 --> [Caused by] CodeIgniter\Database\Exceptions\DatabaseException: Unknown column 'supplier_id' in 'where clause'
in SYSTEMPATH\Database\MySQLi\Connection.php on line 317.
 1 SYSTEMPATH\Database\BaseConnection.php(734): CodeIgniter\Database\MySQLi\Connection->execute('UPDATE `alternatif` SET `supplier_id` = NULL, `name` = NULL
WHERE `supplier_id` = \'3\'')
 2 SYSTEMPATH\Database\BaseConnection.php(648): CodeIgniter\Database\BaseConnection->simpleQuery('UPDATE `alternatif` SET `supplier_id` = NULL, `name` = NULL
WHERE `supplier_id` = \'3\'')
 3 SYSTEMPATH\Database\BaseBuilder.php(2516): CodeIgniter\Database\BaseConnection->query('UPDATE `alternatif` SET `supplier_id` = :supplier_id:, `name` = :name:
WHERE `supplier_id` = :supplier_id.1:', [...], false)
 4 APPPATH\Models\dataalternatif_model.php(33): CodeIgniter\Database\BaseBuilder->update([...], [...])
 5 APPPATH\Controllers\Home.php(79): App\Models\dataalternatif_model->prosesEditA('alternatif', [...], [...])
 6 SYSTEMPATH\CodeIgniter.php(933): App\Controllers\Home->update_data('3')
 7 SYSTEMPATH\CodeIgniter.php(509): CodeIgniter\CodeIgniter->runController(Object(App\Controllers\Home))
 8 SYSTEMPATH\CodeIgniter.php(355): CodeIgniter\CodeIgniter->handleRequest(null, Object(Config\Cache), false)
 9 SYSTEMPATH\Boot.php(325): CodeIgniter\CodeIgniter->run()
10 SYSTEMPATH\Boot.php(67): CodeIgniter\Boot::runCodeIgniter(Object(CodeIgniter\CodeIgniter))
11 FCPATH\index.php(56): CodeIgniter\Boot::bootWeb(Object(Config\Paths))
12 SYSTEMPATH\rewrite.php(44): require_once('C:\\laragon\\www\\Project009\\public\\index.php')
CRITICAL - 2024-11-29 13:34:44 --> [Caused by] mysqli_sql_exception: Unknown column 'supplier_id' in 'where clause'
in SYSTEMPATH\Database\MySQLi\Connection.php on line 312.
 1 SYSTEMPATH\Database\MySQLi\Connection.php(312): mysqli->query('UPDATE `alternatif` SET `supplier_id` = NULL, `name` = NULL
WHERE `supplier_id` = \'3\'', 0)
 2 SYSTEMPATH\Database\BaseConnection.php(734): CodeIgniter\Database\MySQLi\Connection->execute('UPDATE `alternatif` SET `supplier_id` = NULL, `name` = NULL
WHERE `supplier_id` = \'3\'')
 3 SYSTEMPATH\Database\BaseConnection.php(648): CodeIgniter\Database\BaseConnection->simpleQuery('UPDATE `alternatif` SET `supplier_id` = NULL, `name` = NULL
WHERE `supplier_id` = \'3\'')
 4 SYSTEMPATH\Database\BaseBuilder.php(2516): CodeIgniter\Database\BaseConnection->query('UPDATE `alternatif` SET `supplier_id` = :supplier_id:, `name` = :name:
WHERE `supplier_id` = :supplier_id.1:', [...], false)
 5 APPPATH\Models\dataalternatif_model.php(33): CodeIgniter\Database\BaseBuilder->update([...], [...])
 6 APPPATH\Controllers\Home.php(79): App\Models\dataalternatif_model->prosesEditA('alternatif', [...], [...])
 7 SYSTEMPATH\CodeIgniter.php(933): App\Controllers\Home->update_data('3')
 8 SYSTEMPATH\CodeIgniter.php(509): CodeIgniter\CodeIgniter->runController(Object(App\Controllers\Home))
 9 SYSTEMPATH\CodeIgniter.php(355): CodeIgniter\CodeIgniter->handleRequest(null, Object(Config\Cache), false)
10 SYSTEMPATH\Boot.php(325): CodeIgniter\CodeIgniter->run()
11 SYSTEMPATH\Boot.php(67): CodeIgniter\Boot::runCodeIgniter(Object(CodeIgniter\CodeIgniter))
12 FCPATH\index.php(56): CodeIgniter\Boot::bootWeb(Object(Config\Paths))
13 SYSTEMPATH\rewrite.php(44): require_once('C:\\laragon\\www\\Project009\\public\\index.php')
CRITICAL - 2024-11-29 13:36:24 --> CodeIgniter\HTTP\Exceptions\BadRequestException: The URI you submitted has disallowed characters: "('"
[Method: GET, Route: Home/%28%27/Home/formedit/%27%20.%20$alternatif-%3Epolisi_id%29;]
in SYSTEMPATH\Router\Router.php on line 737.
 1 SYSTEMPATH\Router\Router.php(204): CodeIgniter\Router\Router->checkDisallowedChars('Home/(\'/Home/formedit/\' . $alternatif->polisi_id);')
 2 SYSTEMPATH\CodeIgniter.php(834): CodeIgniter\Router\Router->handle('Home/(\'/Home/formedit/\' . $alternatif->polisi_id);')
 3 SYSTEMPATH\CodeIgniter.php(457): CodeIgniter\CodeIgniter->tryToRouteIt(Object(CodeIgniter\Router\RouteCollection))
 4 SYSTEMPATH\CodeIgniter.php(355): CodeIgniter\CodeIgniter->handleRequest(null, Object(Config\Cache), false)
 5 SYSTEMPATH\Boot.php(325): CodeIgniter\CodeIgniter->run()
 6 SYSTEMPATH\Boot.php(67): CodeIgniter\Boot::runCodeIgniter(Object(CodeIgniter\CodeIgniter))
 7 FCPATH\index.php(56): CodeIgniter\Boot::bootWeb(Object(Config\Paths))
 8 SYSTEMPATH\rewrite.php(44): require_once('C:\\laragon\\www\\Project009\\public\\index.php')
CRITICAL - 2024-11-29 13:37:23 --> ErrorException: Undefined property: stdClass::$criteria_id
[Method: GET, Route: Home/viewkriteria]
in APPPATH\Views\viewkriteria.php on line 27.
 1 APPPATH\Views\viewkriteria.php(27): CodeIgniter\Debug\Exceptions->errorHandler(2, 'Undefined property: stdClass::$criteria_id', 'C:\\laragon\\www\\Project009\\app\\Views\\viewkriteria.php', 27)
 2 SYSTEMPATH\View\View.php(234): include('C:\\laragon\\www\\Project009\\app\\Views\\viewkriteria.php')
 3 SYSTEMPATH\View\View.php(237): CodeIgniter\View\View->CodeIgniter\View\{closure}()
 4 SYSTEMPATH\Common.php(1171): CodeIgniter\View\View->render('viewkriteria', [], true)
 5 APPPATH\Controllers\Home.php(119): view('viewkriteria', [...])
 6 SYSTEMPATH\CodeIgniter.php(933): App\Controllers\Home->viewkriteria()
 7 SYSTEMPATH\CodeIgniter.php(509): CodeIgniter\CodeIgniter->runController(Object(App\Controllers\Home))
 8 SYSTEMPATH\CodeIgniter.php(355): CodeIgniter\CodeIgniter->handleRequest(null, Object(Config\Cache), false)
 9 SYSTEMPATH\Boot.php(325): CodeIgniter\CodeIgniter->run()
10 SYSTEMPATH\Boot.php(67): CodeIgniter\Boot::runCodeIgniter(Object(CodeIgniter\CodeIgniter))
11 FCPATH\index.php(56): CodeIgniter\Boot::bootWeb(Object(Config\Paths))
12 SYSTEMPATH\rewrite.php(44): require_once('C:\\laragon\\www\\Project009\\public\\index.php')
CRITICAL - 2024-11-29 14:09:08 --> ErrorException: Undefined property: stdClass::$name
[Method: GET, Route: Home/formedit/1]
in APPPATH\Views\formedit.php on line 17.
 1 APPPATH\Views\formedit.php(17): CodeIgniter\Debug\Exceptions->errorHandler(2, 'Undefined property: stdClass::$name', 'C:\\laragon\\www\\Project009\\app\\Views\\formedit.php', 17)
 2 SYSTEMPATH\View\View.php(234): include('C:\\laragon\\www\\Project009\\app\\Views\\formedit.php')
 3 SYSTEMPATH\View\View.php(237): CodeIgniter\View\View->CodeIgniter\View\{closure}()
 4 SYSTEMPATH\Common.php(1171): CodeIgniter\View\View->render('formedit', [], true)
 5 APPPATH\Controllers\Home.php(60): view('formedit', [...])
 6 SYSTEMPATH\CodeIgniter.php(933): App\Controllers\Home->formedit('1')
 7 SYSTEMPATH\CodeIgniter.php(509): CodeIgniter\CodeIgniter->runController(Object(App\Controllers\Home))
 8 SYSTEMPATH\CodeIgniter.php(355): CodeIgniter\CodeIgniter->handleRequest(null, Object(Config\Cache), false)
 9 SYSTEMPATH\Boot.php(325): CodeIgniter\CodeIgniter->run()
10 SYSTEMPATH\Boot.php(67): CodeIgniter\Boot::runCodeIgniter(Object(CodeIgniter\CodeIgniter))
11 FCPATH\index.php(56): CodeIgniter\Boot::bootWeb(Object(Config\Paths))
12 SYSTEMPATH\rewrite.php(44): require_once('C:\\laragon\\www\\Project009\\public\\index.php')
CRITICAL - 2024-11-29 14:09:40 --> ErrorException: Undefined property: stdClass::$name
[Method: GET, Route: Home/formedit/1]
in APPPATH\Views\formedit.php on line 17.
 1 APPPATH\Views\formedit.php(17): CodeIgniter\Debug\Exceptions->errorHandler(2, 'Undefined property: stdClass::$name', 'C:\\laragon\\www\\Project009\\app\\Views\\formedit.php', 17)
 2 SYSTEMPATH\View\View.php(234): include('C:\\laragon\\www\\Project009\\app\\Views\\formedit.php')
 3 SYSTEMPATH\View\View.php(237): CodeIgniter\View\View->CodeIgniter\View\{closure}()
 4 SYSTEMPATH\Common.php(1171): CodeIgniter\View\View->render('formedit', [], true)
 5 APPPATH\Controllers\Home.php(60): view('formedit', [...])
 6 SYSTEMPATH\CodeIgniter.php(933): App\Controllers\Home->formedit('1')
 7 SYSTEMPATH\CodeIgniter.php(509): CodeIgniter\CodeIgniter->runController(Object(App\Controllers\Home))
 8 SYSTEMPATH\CodeIgniter.php(355): CodeIgniter\CodeIgniter->handleRequest(null, Object(Config\Cache), false)
 9 SYSTEMPATH\Boot.php(325): CodeIgniter\CodeIgniter->run()
10 SYSTEMPATH\Boot.php(67): CodeIgniter\Boot::runCodeIgniter(Object(CodeIgniter\CodeIgniter))
11 FCPATH\index.php(56): CodeIgniter\Boot::bootWeb(Object(Config\Paths))
12 SYSTEMPATH\rewrite.php(44): require_once('C:\\laragon\\www\\Project009\\public\\index.php')
CRITICAL - 2024-11-29 14:09:42 --> ErrorException: Undefined property: stdClass::$name
[Method: GET, Route: Home/formedit/1]
in APPPATH\Views\formedit.php on line 17.
 1 APPPATH\Views\formedit.php(17): CodeIgniter\Debug\Exceptions->errorHandler(2, 'Undefined property: stdClass::$name', 'C:\\laragon\\www\\Project009\\app\\Views\\formedit.php', 17)
 2 SYSTEMPATH\View\View.php(234): include('C:\\laragon\\www\\Project009\\app\\Views\\formedit.php')
 3 SYSTEMPATH\View\View.php(237): CodeIgniter\View\View->CodeIgniter\View\{closure}()
 4 SYSTEMPATH\Common.php(1171): CodeIgniter\View\View->render('formedit', [], true)
 5 APPPATH\Controllers\Home.php(60): view('formedit', [...])
 6 SYSTEMPATH\CodeIgniter.php(933): App\Controllers\Home->formedit('1')
 7 SYSTEMPATH\CodeIgniter.php(509): CodeIgniter\CodeIgniter->runController(Object(App\Controllers\Home))
 8 SYSTEMPATH\CodeIgniter.php(355): CodeIgniter\CodeIgniter->handleRequest(null, Object(Config\Cache), false)
 9 SYSTEMPATH\Boot.php(325): CodeIgniter\CodeIgniter->run()
10 SYSTEMPATH\Boot.php(67): CodeIgniter\Boot::runCodeIgniter(Object(CodeIgniter\CodeIgniter))
11 FCPATH\index.php(56): CodeIgniter\Boot::bootWeb(Object(Config\Paths))
12 SYSTEMPATH\rewrite.php(44): require_once('C:\\laragon\\www\\Project009\\public\\index.php')
CRITICAL - 2024-11-29 14:09:42 --> ErrorException: Undefined property: stdClass::$name
[Method: GET, Route: Home/formedit/1]
in APPPATH\Views\formedit.php on line 17.
 1 APPPATH\Views\formedit.php(17): CodeIgniter\Debug\Exceptions->errorHandler(2, 'Undefined property: stdClass::$name', 'C:\\laragon\\www\\Project009\\app\\Views\\formedit.php', 17)
 2 SYSTEMPATH\View\View.php(234): include('C:\\laragon\\www\\Project009\\app\\Views\\formedit.php')
 3 SYSTEMPATH\View\View.php(237): CodeIgniter\View\View->CodeIgniter\View\{closure}()
 4 SYSTEMPATH\Common.php(1171): CodeIgniter\View\View->render('formedit', [], true)
 5 APPPATH\Controllers\Home.php(60): view('formedit', [...])
 6 SYSTEMPATH\CodeIgniter.php(933): App\Controllers\Home->formedit('1')
 7 SYSTEMPATH\CodeIgniter.php(509): CodeIgniter\CodeIgniter->runController(Object(App\Controllers\Home))
 8 SYSTEMPATH\CodeIgniter.php(355): CodeIgniter\CodeIgniter->handleRequest(null, Object(Config\Cache), false)
 9 SYSTEMPATH\Boot.php(325): CodeIgniter\CodeIgniter->run()
10 SYSTEMPATH\Boot.php(67): CodeIgniter\Boot::runCodeIgniter(Object(CodeIgniter\CodeIgniter))
11 FCPATH\index.php(56): CodeIgniter\Boot::bootWeb(Object(Config\Paths))
12 SYSTEMPATH\rewrite.php(44): require_once('C:\\laragon\\www\\Project009\\public\\index.php')
ERROR - 2024-11-29 14:10:19 --> mysqli_sql_exception: Unknown column 'supplier_id' in 'where clause' in C:\laragon\www\Project009\system\Database\MySQLi\Connection.php:312
Stack trace:
#0 C:\laragon\www\Project009\system\Database\MySQLi\Connection.php(312): mysqli->query('UPDATE `alterna...', 0)
#1 C:\laragon\www\Project009\system\Database\BaseConnection.php(734): CodeIgniter\Database\MySQLi\Connection->execute('UPDATE `alterna...')
#2 C:\laragon\www\Project009\system\Database\BaseConnection.php(648): CodeIgniter\Database\BaseConnection->simpleQuery('UPDATE `alterna...')
#3 C:\laragon\www\Project009\system\Database\BaseBuilder.php(2516): CodeIgniter\Database\BaseConnection->query('UPDATE `alterna...', Array, false)
#4 C:\laragon\www\Project009\app\Models\dataalternatif_model.php(33): CodeIgniter\Database\BaseBuilder->update(Array, Array)
#5 C:\laragon\www\Project009\app\Controllers\Home.php(79): App\Models\dataalternatif_model->prosesEditA('alternatif', Array, Array)
#6 C:\laragon\www\Project009\system\CodeIgniter.php(933): App\Controllers\Home->update_data('1')
#7 C:\laragon\www\Project009\system\CodeIgniter.php(509): CodeIgniter\CodeIgniter->runController(Object(App\Controllers\Home))
#8 C:\laragon\www\Project009\system\CodeIgniter.php(355): CodeIgniter\CodeIgniter->handleRequest(NULL, Object(Config\Cache), false)
#9 C:\laragon\www\Project009\system\Boot.php(325): CodeIgniter\CodeIgniter->run()
#10 C:\laragon\www\Project009\system\Boot.php(67): CodeIgniter\Boot::runCodeIgniter(Object(CodeIgniter\CodeIgniter))
#11 C:\laragon\www\Project009\public\index.php(56): CodeIgniter\Boot::bootWeb(Object(Config\Paths))
#12 C:\laragon\www\Project009\system\rewrite.php(44): require_once('C:\\laragon\\www\\...')
#13 {main}
CRITICAL - 2024-11-29 14:10:19 --> CodeIgniter\Database\Exceptions\DatabaseException: Unknown column 'supplier_id' in 'where clause'
[Method: POST, Route: Home/update_data/1]
in SYSTEMPATH\Database\BaseConnection.php on line 688.
 1 SYSTEMPATH\Database\BaseBuilder.php(2516): CodeIgniter\Database\BaseConnection->query('UPDATE `alternatif` SET `supplier_id` = :supplier_id:, `name` = :name:
WHERE `supplier_id` = :supplier_id.1:', [...], false)
 2 APPPATH\Models\dataalternatif_model.php(33): CodeIgniter\Database\BaseBuilder->update([...], [...])
 3 APPPATH\Controllers\Home.php(79): App\Models\dataalternatif_model->prosesEditA('alternatif', [...], [...])
 4 SYSTEMPATH\CodeIgniter.php(933): App\Controllers\Home->update_data('1')
 5 SYSTEMPATH\CodeIgniter.php(509): CodeIgniter\CodeIgniter->runController(Object(App\Controllers\Home))
 6 SYSTEMPATH\CodeIgniter.php(355): CodeIgniter\CodeIgniter->handleRequest(null, Object(Config\Cache), false)
 7 SYSTEMPATH\Boot.php(325): CodeIgniter\CodeIgniter->run()
 8 SYSTEMPATH\Boot.php(67): CodeIgniter\Boot::runCodeIgniter(Object(CodeIgniter\CodeIgniter))
 9 FCPATH\index.php(56): CodeIgniter\Boot::bootWeb(Object(Config\Paths))
10 SYSTEMPATH\rewrite.php(44): require_once('C:\\laragon\\www\\Project009\\public\\index.php')
CRITICAL - 2024-11-29 14:10:19 --> [Caused by] CodeIgniter\Database\Exceptions\DatabaseException: Unknown column 'supplier_id' in 'where clause'
in SYSTEMPATH\Database\MySQLi\Connection.php on line 317.
 1 SYSTEMPATH\Database\BaseConnection.php(734): CodeIgniter\Database\MySQLi\Connection->execute('UPDATE `alternatif` SET `supplier_id` = NULL, `name` = \'Mr.D\'
WHERE `supplier_id` = \'1\'')
 2 SYSTEMPATH\Database\BaseConnection.php(648): CodeIgniter\Database\BaseConnection->simpleQuery('UPDATE `alternatif` SET `supplier_id` = NULL, `name` = \'Mr.D\'
WHERE `supplier_id` = \'1\'')
 3 SYSTEMPATH\Database\BaseBuilder.php(2516): CodeIgniter\Database\BaseConnection->query('UPDATE `alternatif` SET `supplier_id` = :supplier_id:, `name` = :name:
WHERE `supplier_id` = :supplier_id.1:', [...], false)
 4 APPPATH\Models\dataalternatif_model.php(33): CodeIgniter\Database\BaseBuilder->update([...], [...])
 5 APPPATH\Controllers\Home.php(79): App\Models\dataalternatif_model->prosesEditA('alternatif', [...], [...])
 6 SYSTEMPATH\CodeIgniter.php(933): App\Controllers\Home->update_data('1')
 7 SYSTEMPATH\CodeIgniter.php(509): CodeIgniter\CodeIgniter->runController(Object(App\Controllers\Home))
 8 SYSTEMPATH\CodeIgniter.php(355): CodeIgniter\CodeIgniter->handleRequest(null, Object(Config\Cache), false)
 9 SYSTEMPATH\Boot.php(325): CodeIgniter\CodeIgniter->run()
10 SYSTEMPATH\Boot.php(67): CodeIgniter\Boot::runCodeIgniter(Object(CodeIgniter\CodeIgniter))
11 FCPATH\index.php(56): CodeIgniter\Boot::bootWeb(Object(Config\Paths))
12 SYSTEMPATH\rewrite.php(44): require_once('C:\\laragon\\www\\Project009\\public\\index.php')
CRITICAL - 2024-11-29 14:10:19 --> [Caused by] mysqli_sql_exception: Unknown column 'supplier_id' in 'where clause'
in SYSTEMPATH\Database\MySQLi\Connection.php on line 312.
 1 SYSTEMPATH\Database\MySQLi\Connection.php(312): mysqli->query('UPDATE `alternatif` SET `supplier_id` = NULL, `name` = \'Mr.D\'
WHERE `supplier_id` = \'1\'', 0)
 2 SYSTEMPATH\Database\BaseConnection.php(734): CodeIgniter\Database\MySQLi\Connection->execute('UPDATE `alternatif` SET `supplier_id` = NULL, `name` = \'Mr.D\'
WHERE `supplier_id` = \'1\'')
 3 SYSTEMPATH\Database\BaseConnection.php(648): CodeIgniter\Database\BaseConnection->simpleQuery('UPDATE `alternatif` SET `supplier_id` = NULL, `name` = \'Mr.D\'
WHERE `supplier_id` = \'1\'')
 4 SYSTEMPATH\Database\BaseBuilder.php(2516): CodeIgniter\Database\BaseConnection->query('UPDATE `alternatif` SET `supplier_id` = :supplier_id:, `name` = :name:
WHERE `supplier_id` = :supplier_id.1:', [...], false)
 5 APPPATH\Models\dataalternatif_model.php(33): CodeIgniter\Database\BaseBuilder->update([...], [...])
 6 APPPATH\Controllers\Home.php(79): App\Models\dataalternatif_model->prosesEditA('alternatif', [...], [...])
 7 SYSTEMPATH\CodeIgniter.php(933): App\Controllers\Home->update_data('1')
 8 SYSTEMPATH\CodeIgniter.php(509): CodeIgniter\CodeIgniter->runController(Object(App\Controllers\Home))
 9 SYSTEMPATH\CodeIgniter.php(355): CodeIgniter\CodeIgniter->handleRequest(null, Object(Config\Cache), false)
10 SYSTEMPATH\Boot.php(325): CodeIgniter\CodeIgniter->run()
11 SYSTEMPATH\Boot.php(67): CodeIgniter\Boot::runCodeIgniter(Object(CodeIgniter\CodeIgniter))
12 FCPATH\index.php(56): CodeIgniter\Boot::bootWeb(Object(Config\Paths))
13 SYSTEMPATH\rewrite.php(44): require_once('C:\\laragon\\www\\Project009\\public\\index.php')
ERROR - 2024-11-29 14:11:04 --> mysqli_sql_exception: Unknown column 'supplier_id' in 'where clause' in C:\laragon\www\Project009\system\Database\MySQLi\Connection.php:312
Stack trace:
#0 C:\laragon\www\Project009\system\Database\MySQLi\Connection.php(312): mysqli->query('UPDATE `alterna...', 0)
#1 C:\laragon\www\Project009\system\Database\BaseConnection.php(734): CodeIgniter\Database\MySQLi\Connection->execute('UPDATE `alterna...')
#2 C:\laragon\www\Project009\system\Database\BaseConnection.php(648): CodeIgniter\Database\BaseConnection->simpleQuery('UPDATE `alterna...')
#3 C:\laragon\www\Project009\system\Database\BaseBuilder.php(2516): CodeIgniter\Database\BaseConnection->query('UPDATE `alterna...', Array, false)
#4 C:\laragon\www\Project009\app\Models\dataalternatif_model.php(33): CodeIgniter\Database\BaseBuilder->update(Array, Array)
#5 C:\laragon\www\Project009\app\Controllers\Home.php(79): App\Models\dataalternatif_model->prosesEditA('alternatif', Array, Array)
#6 C:\laragon\www\Project009\system\CodeIgniter.php(933): App\Controllers\Home->update_data('1')
#7 C:\laragon\www\Project009\system\CodeIgniter.php(509): CodeIgniter\CodeIgniter->runController(Object(App\Controllers\Home))
#8 C:\laragon\www\Project009\system\CodeIgniter.php(355): CodeIgniter\CodeIgniter->handleRequest(NULL, Object(Config\Cache), false)
#9 C:\laragon\www\Project009\system\Boot.php(325): CodeIgniter\CodeIgniter->run()
#10 C:\laragon\www\Project009\system\Boot.php(67): CodeIgniter\Boot::runCodeIgniter(Object(CodeIgniter\CodeIgniter))
#11 C:\laragon\www\Project009\public\index.php(56): CodeIgniter\Boot::bootWeb(Object(Config\Paths))
#12 C:\laragon\www\Project009\system\rewrite.php(44): require_once('C:\\laragon\\www\\...')
#13 {main}
CRITICAL - 2024-11-29 14:11:04 --> CodeIgniter\Database\Exceptions\DatabaseException: Unknown column 'supplier_id' in 'where clause'
[Method: POST, Route: Home/update_data/1]
in SYSTEMPATH\Database\BaseConnection.php on line 688.
 1 SYSTEMPATH\Database\BaseBuilder.php(2516): CodeIgniter\Database\BaseConnection->query('UPDATE `alternatif` SET `supplier_id` = :supplier_id:, `name` = :name:
WHERE `supplier_id` = :supplier_id.1:', [...], false)
 2 APPPATH\Models\dataalternatif_model.php(33): CodeIgniter\Database\BaseBuilder->update([...], [...])
 3 APPPATH\Controllers\Home.php(79): App\Models\dataalternatif_model->prosesEditA('alternatif', [...], [...])
 4 SYSTEMPATH\CodeIgniter.php(933): App\Controllers\Home->update_data('1')
 5 SYSTEMPATH\CodeIgniter.php(509): CodeIgniter\CodeIgniter->runController(Object(App\Controllers\Home))
 6 SYSTEMPATH\CodeIgniter.php(355): CodeIgniter\CodeIgniter->handleRequest(null, Object(Config\Cache), false)
 7 SYSTEMPATH\Boot.php(325): CodeIgniter\CodeIgniter->run()
 8 SYSTEMPATH\Boot.php(67): CodeIgniter\Boot::runCodeIgniter(Object(CodeIgniter\CodeIgniter))
 9 FCPATH\index.php(56): CodeIgniter\Boot::bootWeb(Object(Config\Paths))
10 SYSTEMPATH\rewrite.php(44): require_once('C:\\laragon\\www\\Project009\\public\\index.php')
CRITICAL - 2024-11-29 14:11:04 --> [Caused by] CodeIgniter\Database\Exceptions\DatabaseException: Unknown column 'supplier_id' in 'where clause'
in SYSTEMPATH\Database\MySQLi\Connection.php on line 317.
 1 SYSTEMPATH\Database\BaseConnection.php(734): CodeIgniter\Database\MySQLi\Connection->execute('UPDATE `alternatif` SET `supplier_id` = NULL, `name` = \'Mr.D\'
WHERE `supplier_id` = \'1\'')
 2 SYSTEMPATH\Database\BaseConnection.php(648): CodeIgniter\Database\BaseConnection->simpleQuery('UPDATE `alternatif` SET `supplier_id` = NULL, `name` = \'Mr.D\'
WHERE `supplier_id` = \'1\'')
 3 SYSTEMPATH\Database\BaseBuilder.php(2516): CodeIgniter\Database\BaseConnection->query('UPDATE `alternatif` SET `supplier_id` = :supplier_id:, `name` = :name:
WHERE `supplier_id` = :supplier_id.1:', [...], false)
 4 APPPATH\Models\dataalternatif_model.php(33): CodeIgniter\Database\BaseBuilder->update([...], [...])
 5 APPPATH\Controllers\Home.php(79): App\Models\dataalternatif_model->prosesEditA('alternatif', [...], [...])
 6 SYSTEMPATH\CodeIgniter.php(933): App\Controllers\Home->update_data('1')
 7 SYSTEMPATH\CodeIgniter.php(509): CodeIgniter\CodeIgniter->runController(Object(App\Controllers\Home))
 8 SYSTEMPATH\CodeIgniter.php(355): CodeIgniter\CodeIgniter->handleRequest(null, Object(Config\Cache), false)
 9 SYSTEMPATH\Boot.php(325): CodeIgniter\CodeIgniter->run()
10 SYSTEMPATH\Boot.php(67): CodeIgniter\Boot::runCodeIgniter(Object(CodeIgniter\CodeIgniter))
11 FCPATH\index.php(56): CodeIgniter\Boot::bootWeb(Object(Config\Paths))
12 SYSTEMPATH\rewrite.php(44): require_once('C:\\laragon\\www\\Project009\\public\\index.php')
CRITICAL - 2024-11-29 14:11:04 --> [Caused by] mysqli_sql_exception: Unknown column 'supplier_id' in 'where clause'
in SYSTEMPATH\Database\MySQLi\Connection.php on line 312.
 1 SYSTEMPATH\Database\MySQLi\Connection.php(312): mysqli->query('UPDATE `alternatif` SET `supplier_id` = NULL, `name` = \'Mr.D\'
WHERE `supplier_id` = \'1\'', 0)
 2 SYSTEMPATH\Database\BaseConnection.php(734): CodeIgniter\Database\MySQLi\Connection->execute('UPDATE `alternatif` SET `supplier_id` = NULL, `name` = \'Mr.D\'
WHERE `supplier_id` = \'1\'')
 3 SYSTEMPATH\Database\BaseConnection.php(648): CodeIgniter\Database\BaseConnection->simpleQuery('UPDATE `alternatif` SET `supplier_id` = NULL, `name` = \'Mr.D\'
WHERE `supplier_id` = \'1\'')
 4 SYSTEMPATH\Database\BaseBuilder.php(2516): CodeIgniter\Database\BaseConnection->query('UPDATE `alternatif` SET `supplier_id` = :supplier_id:, `name` = :name:
WHERE `supplier_id` = :supplier_id.1:', [...], false)
 5 APPPATH\Models\dataalternatif_model.php(33): CodeIgniter\Database\BaseBuilder->update([...], [...])
 6 APPPATH\Controllers\Home.php(79): App\Models\dataalternatif_model->prosesEditA('alternatif', [...], [...])
 7 SYSTEMPATH\CodeIgniter.php(933): App\Controllers\Home->update_data('1')
 8 SYSTEMPATH\CodeIgniter.php(509): CodeIgniter\CodeIgniter->runController(Object(App\Controllers\Home))
 9 SYSTEMPATH\CodeIgniter.php(355): CodeIgniter\CodeIgniter->handleRequest(null, Object(Config\Cache), false)
10 SYSTEMPATH\Boot.php(325): CodeIgniter\CodeIgniter->run()
11 SYSTEMPATH\Boot.php(67): CodeIgniter\Boot::runCodeIgniter(Object(CodeIgniter\CodeIgniter))
12 FCPATH\index.php(56): CodeIgniter\Boot::bootWeb(Object(Config\Paths))
13 SYSTEMPATH\rewrite.php(44): require_once('C:\\laragon\\www\\Project009\\public\\index.php')
ERROR - 2024-11-29 14:14:27 --> mysqli_sql_exception: Unknown column 'name' in 'field list' in C:\laragon\www\Project009\system\Database\MySQLi\Connection.php:312
Stack trace:
#0 C:\laragon\www\Project009\system\Database\MySQLi\Connection.php(312): mysqli->query('UPDATE `alterna...', 0)
#1 C:\laragon\www\Project009\system\Database\BaseConnection.php(734): CodeIgniter\Database\MySQLi\Connection->execute('UPDATE `alterna...')
#2 C:\laragon\www\Project009\system\Database\BaseConnection.php(648): CodeIgniter\Database\BaseConnection->simpleQuery('UPDATE `alterna...')
#3 C:\laragon\www\Project009\system\Database\BaseBuilder.php(2516): CodeIgniter\Database\BaseConnection->query('UPDATE `alterna...', Array, false)
#4 C:\laragon\www\Project009\app\Models\dataalternatif_model.php(33): CodeIgniter\Database\BaseBuilder->update(Array, Array)
#5 C:\laragon\www\Project009\app\Controllers\Home.php(79): App\Models\dataalternatif_model->prosesEditA('alternatif', Array, Array)
#6 C:\laragon\www\Project009\system\CodeIgniter.php(933): App\Controllers\Home->update_data('1')
#7 C:\laragon\www\Project009\system\CodeIgniter.php(509): CodeIgniter\CodeIgniter->runController(Object(App\Controllers\Home))
#8 C:\laragon\www\Project009\system\CodeIgniter.php(355): CodeIgniter\CodeIgniter->handleRequest(NULL, Object(Config\Cache), false)
#9 C:\laragon\www\Project009\system\Boot.php(325): CodeIgniter\CodeIgniter->run()
#10 C:\laragon\www\Project009\system\Boot.php(67): CodeIgniter\Boot::runCodeIgniter(Object(CodeIgniter\CodeIgniter))
#11 C:\laragon\www\Project009\public\index.php(56): CodeIgniter\Boot::bootWeb(Object(Config\Paths))
#12 C:\laragon\www\Project009\system\rewrite.php(44): require_once('C:\\laragon\\www\\...')
#13 {main}
CRITICAL - 2024-11-29 14:14:27 --> CodeIgniter\Database\Exceptions\DatabaseException: Unknown column 'name' in 'field list'
[Method: POST, Route: Home/update_data/1]
in SYSTEMPATH\Database\BaseConnection.php on line 688.
 1 SYSTEMPATH\Database\BaseBuilder.php(2516): CodeIgniter\Database\BaseConnection->query('UPDATE `alternatif` SET `polisi_id` = :polisi_id:, `name` = :name:
WHERE `polisi_id` = :polisi_id.1:', [...], false)
 2 APPPATH\Models\dataalternatif_model.php(33): CodeIgniter\Database\BaseBuilder->update([...], [...])
 3 APPPATH\Controllers\Home.php(79): App\Models\dataalternatif_model->prosesEditA('alternatif', [...], [...])
 4 SYSTEMPATH\CodeIgniter.php(933): App\Controllers\Home->update_data('1')
 5 SYSTEMPATH\CodeIgniter.php(509): CodeIgniter\CodeIgniter->runController(Object(App\Controllers\Home))
 6 SYSTEMPATH\CodeIgniter.php(355): CodeIgniter\CodeIgniter->handleRequest(null, Object(Config\Cache), false)
 7 SYSTEMPATH\Boot.php(325): CodeIgniter\CodeIgniter->run()
 8 SYSTEMPATH\Boot.php(67): CodeIgniter\Boot::runCodeIgniter(Object(CodeIgniter\CodeIgniter))
 9 FCPATH\index.php(56): CodeIgniter\Boot::bootWeb(Object(Config\Paths))
10 SYSTEMPATH\rewrite.php(44): require_once('C:\\laragon\\www\\Project009\\public\\index.php')
CRITICAL - 2024-11-29 14:14:27 --> [Caused by] CodeIgniter\Database\Exceptions\DatabaseException: Unknown column 'name' in 'field list'
in SYSTEMPATH\Database\MySQLi\Connection.php on line 317.
 1 SYSTEMPATH\Database\BaseConnection.php(734): CodeIgniter\Database\MySQLi\Connection->execute('UPDATE `alternatif` SET `polisi_id` = NULL, `name` = \'Mr.D\'
WHERE `polisi_id` = \'1\'')
 2 SYSTEMPATH\Database\BaseConnection.php(648): CodeIgniter\Database\BaseConnection->simpleQuery('UPDATE `alternatif` SET `polisi_id` = NULL, `name` = \'Mr.D\'
WHERE `polisi_id` = \'1\'')
 3 SYSTEMPATH\Database\BaseBuilder.php(2516): CodeIgniter\Database\BaseConnection->query('UPDATE `alternatif` SET `polisi_id` = :polisi_id:, `name` = :name:
WHERE `polisi_id` = :polisi_id.1:', [...], false)
 4 APPPATH\Models\dataalternatif_model.php(33): CodeIgniter\Database\BaseBuilder->update([...], [...])
 5 APPPATH\Controllers\Home.php(79): App\Models\dataalternatif_model->prosesEditA('alternatif', [...], [...])
 6 SYSTEMPATH\CodeIgniter.php(933): App\Controllers\Home->update_data('1')
 7 SYSTEMPATH\CodeIgniter.php(509): CodeIgniter\CodeIgniter->runController(Object(App\Controllers\Home))
 8 SYSTEMPATH\CodeIgniter.php(355): CodeIgniter\CodeIgniter->handleRequest(null, Object(Config\Cache), false)
 9 SYSTEMPATH\Boot.php(325): CodeIgniter\CodeIgniter->run()
10 SYSTEMPATH\Boot.php(67): CodeIgniter\Boot::runCodeIgniter(Object(CodeIgniter\CodeIgniter))
11 FCPATH\index.php(56): CodeIgniter\Boot::bootWeb(Object(Config\Paths))
12 SYSTEMPATH\rewrite.php(44): require_once('C:\\laragon\\www\\Project009\\public\\index.php')
CRITICAL - 2024-11-29 14:14:27 --> [Caused by] mysqli_sql_exception: Unknown column 'name' in 'field list'
in SYSTEMPATH\Database\MySQLi\Connection.php on line 312.
 1 SYSTEMPATH\Database\MySQLi\Connection.php(312): mysqli->query('UPDATE `alternatif` SET `polisi_id` = NULL, `name` = \'Mr.D\'
WHERE `polisi_id` = \'1\'', 0)
 2 SYSTEMPATH\Database\BaseConnection.php(734): CodeIgniter\Database\MySQLi\Connection->execute('UPDATE `alternatif` SET `polisi_id` = NULL, `name` = \'Mr.D\'
WHERE `polisi_id` = \'1\'')
 3 SYSTEMPATH\Database\BaseConnection.php(648): CodeIgniter\Database\BaseConnection->simpleQuery('UPDATE `alternatif` SET `polisi_id` = NULL, `name` = \'Mr.D\'
WHERE `polisi_id` = \'1\'')
 4 SYSTEMPATH\Database\BaseBuilder.php(2516): CodeIgniter\Database\BaseConnection->query('UPDATE `alternatif` SET `polisi_id` = :polisi_id:, `name` = :name:
WHERE `polisi_id` = :polisi_id.1:', [...], false)
 5 APPPATH\Models\dataalternatif_model.php(33): CodeIgniter\Database\BaseBuilder->update([...], [...])
 6 APPPATH\Controllers\Home.php(79): App\Models\dataalternatif_model->prosesEditA('alternatif', [...], [...])
 7 SYSTEMPATH\CodeIgniter.php(933): App\Controllers\Home->update_data('1')
 8 SYSTEMPATH\CodeIgniter.php(509): CodeIgniter\CodeIgniter->runController(Object(App\Controllers\Home))
 9 SYSTEMPATH\CodeIgniter.php(355): CodeIgniter\CodeIgniter->handleRequest(null, Object(Config\Cache), false)
10 SYSTEMPATH\Boot.php(325): CodeIgniter\CodeIgniter->run()
11 SYSTEMPATH\Boot.php(67): CodeIgniter\Boot::runCodeIgniter(Object(CodeIgniter\CodeIgniter))
12 FCPATH\index.php(56): CodeIgniter\Boot::bootWeb(Object(Config\Paths))
13 SYSTEMPATH\rewrite.php(44): require_once('C:\\laragon\\www\\Project009\\public\\index.php')
CRITICAL - 2024-11-29 14:14:33 --> BadMethodCallException: Call to undefined method App\Models\dataalternatif_model::getpolisi
[Method: GET, Route: Home/formedit/1]
in SYSTEMPATH\Model.php on line 932.
 1 APPPATH\Controllers\Home.php(55): CodeIgniter\Model->__call('getpolisi', [...])
 2 SYSTEMPATH\CodeIgniter.php(933): App\Controllers\Home->formedit('1')
 3 SYSTEMPATH\CodeIgniter.php(509): CodeIgniter\CodeIgniter->runController(Object(App\Controllers\Home))
 4 SYSTEMPATH\CodeIgniter.php(355): CodeIgniter\CodeIgniter->handleRequest(null, Object(Config\Cache), false)
 5 SYSTEMPATH\Boot.php(325): CodeIgniter\CodeIgniter->run()
 6 SYSTEMPATH\Boot.php(67): CodeIgniter\Boot::runCodeIgniter(Object(CodeIgniter\CodeIgniter))
 7 FCPATH\index.php(56): CodeIgniter\Boot::bootWeb(Object(Config\Paths))
 8 SYSTEMPATH\rewrite.php(44): require_once('C:\\laragon\\www\\Project009\\public\\index.php')
CRITICAL - 2024-11-29 14:14:37 --> BadMethodCallException: Call to undefined method App\Models\dataalternatif_model::getpolisi
[Method: GET, Route: Home/formedit/1]
in SYSTEMPATH\Model.php on line 932.
 1 APPPATH\Controllers\Home.php(55): CodeIgniter\Model->__call('getpolisi', [...])
 2 SYSTEMPATH\CodeIgniter.php(933): App\Controllers\Home->formedit('1')
 3 SYSTEMPATH\CodeIgniter.php(509): CodeIgniter\CodeIgniter->runController(Object(App\Controllers\Home))
 4 SYSTEMPATH\CodeIgniter.php(355): CodeIgniter\CodeIgniter->handleRequest(null, Object(Config\Cache), false)
 5 SYSTEMPATH\Boot.php(325): CodeIgniter\CodeIgniter->run()
 6 SYSTEMPATH\Boot.php(67): CodeIgniter\Boot::runCodeIgniter(Object(CodeIgniter\CodeIgniter))
 7 FCPATH\index.php(56): CodeIgniter\Boot::bootWeb(Object(Config\Paths))
 8 SYSTEMPATH\rewrite.php(44): require_once('C:\\laragon\\www\\Project009\\public\\index.php')
ERROR - 2024-11-29 14:15:50 --> mysqli_sql_exception: Cannot delete or update a parent row: a foreign key constraint fails (`db_ppa`.`konversi_data`, CONSTRAINT `FK_konversi_data_alternatif` FOREIGN KEY (`polisi_id`) REFERENCES `alternatif` (`polisi_id`)) in C:\laragon\www\Project009\system\Database\MySQLi\Connection.php:312
Stack trace:
#0 C:\laragon\www\Project009\system\Database\MySQLi\Connection.php(312): mysqli->query('UPDATE `alterna...', 0)
#1 C:\laragon\www\Project009\system\Database\BaseConnection.php(734): CodeIgniter\Database\MySQLi\Connection->execute('UPDATE `alterna...')
#2 C:\laragon\www\Project009\system\Database\BaseConnection.php(648): CodeIgniter\Database\BaseConnection->simpleQuery('UPDATE `alterna...')
#3 C:\laragon\www\Project009\system\Database\BaseBuilder.php(2516): CodeIgniter\Database\BaseConnection->query('UPDATE `alterna...', Array, false)
#4 C:\laragon\www\Project009\app\Models\dataalternatif_model.php(33): CodeIgniter\Database\BaseBuilder->update(Array, Array)
#5 C:\laragon\www\Project009\app\Controllers\Home.php(79): App\Models\dataalternatif_model->prosesEditA('alternatif', Array, Array)
#6 C:\laragon\www\Project009\system\CodeIgniter.php(933): App\Controllers\Home->update_data('1')
#7 C:\laragon\www\Project009\system\CodeIgniter.php(509): CodeIgniter\CodeIgniter->runController(Object(App\Controllers\Home))
#8 C:\laragon\www\Project009\system\CodeIgniter.php(355): CodeIgniter\CodeIgniter->handleRequest(NULL, Object(Config\Cache), false)
#9 C:\laragon\www\Project009\system\Boot.php(325): CodeIgniter\CodeIgniter->run()
#10 C:\laragon\www\Project009\system\Boot.php(67): CodeIgniter\Boot::runCodeIgniter(Object(CodeIgniter\CodeIgniter))
#11 C:\laragon\www\Project009\public\index.php(56): CodeIgniter\Boot::bootWeb(Object(Config\Paths))
#12 C:\laragon\www\Project009\system\rewrite.php(44): require_once('C:\\laragon\\www\\...')
#13 {main}
CRITICAL - 2024-11-29 14:15:50 --> CodeIgniter\Database\Exceptions\DatabaseException: Cannot delete or update a parent row: a foreign key constraint fails (`db_ppa`.`konversi_data`, CONSTRAINT `FK_konversi_data_alternatif` FOREIGN KEY (`polisi_id`) REFERENCES `alternatif` (`polisi_id`))
[Method: POST, Route: Home/update_data/1]
in SYSTEMPATH\Database\BaseConnection.php on line 688.
 1 SYSTEMPATH\Database\BaseBuilder.php(2516): CodeIgniter\Database\BaseConnection->query('UPDATE `alternatif` SET `polisi_id` = :polisi_id:, `nama` = :nama:
WHERE `polisi_id` = :polisi_id.1:', [...], false)
 2 APPPATH\Models\dataalternatif_model.php(33): CodeIgniter\Database\BaseBuilder->update([...], [...])
 3 APPPATH\Controllers\Home.php(79): App\Models\dataalternatif_model->prosesEditA('alternatif', [...], [...])
 4 SYSTEMPATH\CodeIgniter.php(933): App\Controllers\Home->update_data('1')
 5 SYSTEMPATH\CodeIgniter.php(509): CodeIgniter\CodeIgniter->runController(Object(App\Controllers\Home))
 6 SYSTEMPATH\CodeIgniter.php(355): CodeIgniter\CodeIgniter->handleRequest(null, Object(Config\Cache), false)
 7 SYSTEMPATH\Boot.php(325): CodeIgniter\CodeIgniter->run()
 8 SYSTEMPATH\Boot.php(67): CodeIgniter\Boot::runCodeIgniter(Object(CodeIgniter\CodeIgniter))
 9 FCPATH\index.php(56): CodeIgniter\Boot::bootWeb(Object(Config\Paths))
10 SYSTEMPATH\rewrite.php(44): require_once('C:\\laragon\\www\\Project009\\public\\index.php')
CRITICAL - 2024-11-29 14:15:50 --> [Caused by] CodeIgniter\Database\Exceptions\DatabaseException: Cannot delete or update a parent row: a foreign key constraint fails (`db_ppa`.`konversi_data`, CONSTRAINT `FK_konversi_data_alternatif` FOREIGN KEY (`polisi_id`) REFERENCES `alternatif` (`polisi_id`))
in SYSTEMPATH\Database\MySQLi\Connection.php on line 317.
 1 SYSTEMPATH\Database\BaseConnection.php(734): CodeIgniter\Database\MySQLi\Connection->execute('UPDATE `alternatif` SET `polisi_id` = NULL, `nama` = \'Mr.D\'
WHERE `polisi_id` = \'1\'')
 2 SYSTEMPATH\Database\BaseConnection.php(648): CodeIgniter\Database\BaseConnection->simpleQuery('UPDATE `alternatif` SET `polisi_id` = NULL, `nama` = \'Mr.D\'
WHERE `polisi_id` = \'1\'')
 3 SYSTEMPATH\Database\BaseBuilder.php(2516): CodeIgniter\Database\BaseConnection->query('UPDATE `alternatif` SET `polisi_id` = :polisi_id:, `nama` = :nama:
WHERE `polisi_id` = :polisi_id.1:', [...], false)
 4 APPPATH\Models\dataalternatif_model.php(33): CodeIgniter\Database\BaseBuilder->update([...], [...])
 5 APPPATH\Controllers\Home.php(79): App\Models\dataalternatif_model->prosesEditA('alternatif', [...], [...])
 6 SYSTEMPATH\CodeIgniter.php(933): App\Controllers\Home->update_data('1')
 7 SYSTEMPATH\CodeIgniter.php(509): CodeIgniter\CodeIgniter->runController(Object(App\Controllers\Home))
 8 SYSTEMPATH\CodeIgniter.php(355): CodeIgniter\CodeIgniter->handleRequest(null, Object(Config\Cache), false)
 9 SYSTEMPATH\Boot.php(325): CodeIgniter\CodeIgniter->run()
10 SYSTEMPATH\Boot.php(67): CodeIgniter\Boot::runCodeIgniter(Object(CodeIgniter\CodeIgniter))
11 FCPATH\index.php(56): CodeIgniter\Boot::bootWeb(Object(Config\Paths))
12 SYSTEMPATH\rewrite.php(44): require_once('C:\\laragon\\www\\Project009\\public\\index.php')
CRITICAL - 2024-11-29 14:15:50 --> [Caused by] mysqli_sql_exception: Cannot delete or update a parent row: a foreign key constraint fails (`db_ppa`.`konversi_data`, CONSTRAINT `FK_konversi_data_alternatif` FOREIGN KEY (`polisi_id`) REFERENCES `alternatif` (`polisi_id`))
in SYSTEMPATH\Database\MySQLi\Connection.php on line 312.
 1 SYSTEMPATH\Database\MySQLi\Connection.php(312): mysqli->query('UPDATE `alternatif` SET `polisi_id` = NULL, `nama` = \'Mr.D\'
WHERE `polisi_id` = \'1\'', 0)
 2 SYSTEMPATH\Database\BaseConnection.php(734): CodeIgniter\Database\MySQLi\Connection->execute('UPDATE `alternatif` SET `polisi_id` = NULL, `nama` = \'Mr.D\'
WHERE `polisi_id` = \'1\'')
 3 SYSTEMPATH\Database\BaseConnection.php(648): CodeIgniter\Database\BaseConnection->simpleQuery('UPDATE `alternatif` SET `polisi_id` = NULL, `nama` = \'Mr.D\'
WHERE `polisi_id` = \'1\'')
 4 SYSTEMPATH\Database\BaseBuilder.php(2516): CodeIgniter\Database\BaseConnection->query('UPDATE `alternatif` SET `polisi_id` = :polisi_id:, `nama` = :nama:
WHERE `polisi_id` = :polisi_id.1:', [...], false)
 5 APPPATH\Models\dataalternatif_model.php(33): CodeIgniter\Database\BaseBuilder->update([...], [...])
 6 APPPATH\Controllers\Home.php(79): App\Models\dataalternatif_model->prosesEditA('alternatif', [...], [...])
 7 SYSTEMPATH\CodeIgniter.php(933): App\Controllers\Home->update_data('1')
 8 SYSTEMPATH\CodeIgniter.php(509): CodeIgniter\CodeIgniter->runController(Object(App\Controllers\Home))
 9 SYSTEMPATH\CodeIgniter.php(355): CodeIgniter\CodeIgniter->handleRequest(null, Object(Config\Cache), false)
10 SYSTEMPATH\Boot.php(325): CodeIgniter\CodeIgniter->run()
11 SYSTEMPATH\Boot.php(67): CodeIgniter\Boot::runCodeIgniter(Object(CodeIgniter\CodeIgniter))
12 FCPATH\index.php(56): CodeIgniter\Boot::bootWeb(Object(Config\Paths))
13 SYSTEMPATH\rewrite.php(44): require_once('C:\\laragon\\www\\Project009\\public\\index.php')
ERROR - 2024-11-29 15:01:50 --> mysqli_sql_exception: Table 'db_ppa.v_normalisasi' doesn't exist in C:\laragon\www\Project009\system\Database\MySQLi\Connection.php:312
Stack trace:
#0 C:\laragon\www\Project009\system\Database\MySQLi\Connection.php(312): mysqli->query('select * from v...', 0)
#1 C:\laragon\www\Project009\system\Database\BaseConnection.php(734): CodeIgniter\Database\MySQLi\Connection->execute('select * from v...')
#2 C:\laragon\www\Project009\system\Database\BaseConnection.php(648): CodeIgniter\Database\BaseConnection->simpleQuery('select * from v...')
#3 C:\laragon\www\Project009\app\Models\datanormalisasi_model.php(16): CodeIgniter\Database\BaseConnection->query('select * from v...')
#4 C:\laragon\www\Project009\app\Controllers\Home.php(149): App\Models\datanormalisasi_model->tampilnormalisasi()
#5 C:\laragon\www\Project009\system\CodeIgniter.php(933): App\Controllers\Home->viewnormalisasi()
#6 C:\laragon\www\Project009\system\CodeIgniter.php(509): CodeIgniter\CodeIgniter->runController(Object(App\Controllers\Home))
#7 C:\laragon\www\Project009\system\CodeIgniter.php(355): CodeIgniter\CodeIgniter->handleRequest(NULL, Object(Config\Cache), false)
#8 C:\laragon\www\Project009\system\Boot.php(325): CodeIgniter\CodeIgniter->run()
#9 C:\laragon\www\Project009\system\Boot.php(67): CodeIgniter\Boot::runCodeIgniter(Object(CodeIgniter\CodeIgniter))
#10 C:\laragon\www\Project009\public\index.php(56): CodeIgniter\Boot::bootWeb(Object(Config\Paths))
#11 C:\laragon\www\Project009\system\rewrite.php(44): require_once('C:\\laragon\\www\\...')
#12 {main}
CRITICAL - 2024-11-29 15:01:50 --> CodeIgniter\Database\Exceptions\DatabaseException: Table 'db_ppa.v_normalisasi' doesn't exist
[Method: GET, Route: Home/viewnormalisasi]
in SYSTEMPATH\Database\BaseConnection.php on line 688.
 1 APPPATH\Models\datanormalisasi_model.php(16): CodeIgniter\Database\BaseConnection->query('select * from v_normalisasi')
 2 APPPATH\Controllers\Home.php(149): App\Models\datanormalisasi_model->tampilnormalisasi()
 3 SYSTEMPATH\CodeIgniter.php(933): App\Controllers\Home->viewnormalisasi()
 4 SYSTEMPATH\CodeIgniter.php(509): CodeIgniter\CodeIgniter->runController(Object(App\Controllers\Home))
 5 SYSTEMPATH\CodeIgniter.php(355): CodeIgniter\CodeIgniter->handleRequest(null, Object(Config\Cache), false)
 6 SYSTEMPATH\Boot.php(325): CodeIgniter\CodeIgniter->run()
 7 SYSTEMPATH\Boot.php(67): CodeIgniter\Boot::runCodeIgniter(Object(CodeIgniter\CodeIgniter))
 8 FCPATH\index.php(56): CodeIgniter\Boot::bootWeb(Object(Config\Paths))
 9 SYSTEMPATH\rewrite.php(44): require_once('C:\\laragon\\www\\Project009\\public\\index.php')
CRITICAL - 2024-11-29 15:01:50 --> [Caused by] CodeIgniter\Database\Exceptions\DatabaseException: Table 'db_ppa.v_normalisasi' doesn't exist
in SYSTEMPATH\Database\MySQLi\Connection.php on line 317.
 1 SYSTEMPATH\Database\BaseConnection.php(734): CodeIgniter\Database\MySQLi\Connection->execute('select * from v_normalisasi')
 2 SYSTEMPATH\Database\BaseConnection.php(648): CodeIgniter\Database\BaseConnection->simpleQuery('select * from v_normalisasi')
 3 APPPATH\Models\datanormalisasi_model.php(16): CodeIgniter\Database\BaseConnection->query('select * from v_normalisasi')
 4 APPPATH\Controllers\Home.php(149): App\Models\datanormalisasi_model->tampilnormalisasi()
 5 SYSTEMPATH\CodeIgniter.php(933): App\Controllers\Home->viewnormalisasi()
 6 SYSTEMPATH\CodeIgniter.php(509): CodeIgniter\CodeIgniter->runController(Object(App\Controllers\Home))
 7 SYSTEMPATH\CodeIgniter.php(355): CodeIgniter\CodeIgniter->handleRequest(null, Object(Config\Cache), false)
 8 SYSTEMPATH\Boot.php(325): CodeIgniter\CodeIgniter->run()
 9 SYSTEMPATH\Boot.php(67): CodeIgniter\Boot::runCodeIgniter(Object(CodeIgniter\CodeIgniter))
10 FCPATH\index.php(56): CodeIgniter\Boot::bootWeb(Object(Config\Paths))
11 SYSTEMPATH\rewrite.php(44): require_once('C:\\laragon\\www\\Project009\\public\\index.php')
CRITICAL - 2024-11-29 15:01:50 --> [Caused by] mysqli_sql_exception: Table 'db_ppa.v_normalisasi' doesn't exist
in SYSTEMPATH\Database\MySQLi\Connection.php on line 312.
 1 SYSTEMPATH\Database\MySQLi\Connection.php(312): mysqli->query('select * from v_normalisasi', 0)
 2 SYSTEMPATH\Database\BaseConnection.php(734): CodeIgniter\Database\MySQLi\Connection->execute('select * from v_normalisasi')
 3 SYSTEMPATH\Database\BaseConnection.php(648): CodeIgniter\Database\BaseConnection->simpleQuery('select * from v_normalisasi')
 4 APPPATH\Models\datanormalisasi_model.php(16): CodeIgniter\Database\BaseConnection->query('select * from v_normalisasi')
 5 APPPATH\Controllers\Home.php(149): App\Models\datanormalisasi_model->tampilnormalisasi()
 6 SYSTEMPATH\CodeIgniter.php(933): App\Controllers\Home->viewnormalisasi()
 7 SYSTEMPATH\CodeIgniter.php(509): CodeIgniter\CodeIgniter->runController(Object(App\Controllers\Home))
 8 SYSTEMPATH\CodeIgniter.php(355): CodeIgniter\CodeIgniter->handleRequest(null, Object(Config\Cache), false)
 9 SYSTEMPATH\Boot.php(325): CodeIgniter\CodeIgniter->run()
10 SYSTEMPATH\Boot.php(67): CodeIgniter\Boot::runCodeIgniter(Object(CodeIgniter\CodeIgniter))
11 FCPATH\index.php(56): CodeIgniter\Boot::bootWeb(Object(Config\Paths))
12 SYSTEMPATH\rewrite.php(44): require_once('C:\\laragon\\www\\Project009\\public\\index.php')
INFO - 2024-11-29 22:47:22 --> Session: Class initialized using 'CodeIgniter\Session\Handlers\FileHandler' driver.
INFO - 2024-11-29 22:54:38 --> Session: Class initialized using 'CodeIgniter\Session\Handlers\FileHandler' driver.
INFO - 2024-11-29 22:59:37 --> Session: Class initialized using 'CodeIgniter\Session\Handlers\FileHandler' driver.
INFO - 2024-11-29 23:03:43 --> Session: Class initialized using 'CodeIgniter\Session\Handlers\FileHandler' driver.
INFO - 2024-11-29 23:05:54 --> Session: Class initialized using 'CodeIgniter\Session\Handlers\FileHandler' driver.
INFO - 2024-11-29 23:07:31 --> Session: Class initialized using 'CodeIgniter\Session\Handlers\FileHandler' driver.
INFO - 2024-11-29 23:14:45 --> Session: Class initialized using 'CodeIgniter\Session\Handlers\FileHandler' driver.
CRITICAL - 2024-11-29 23:23:31 --> BadMethodCallException: Call to undefined method App\Models\dataalternatif_model::getpolisi_id
[Method: GET, Route: Home/formedit/5]
in SYSTEMPATH\Model.php on line 932.
 1 APPPATH\Controllers\Home.php(62): CodeIgniter\Model->__call('getpolisi_id', [...])
 2 SYSTEMPATH\CodeIgniter.php(933): App\Controllers\Home->formedit('5')
 3 SYSTEMPATH\CodeIgniter.php(509): CodeIgniter\CodeIgniter->runController(Object(App\Controllers\Home))
 4 SYSTEMPATH\CodeIgniter.php(355): CodeIgniter\CodeIgniter->handleRequest(null, Object(Config\Cache), false)
 5 SYSTEMPATH\Boot.php(325): CodeIgniter\CodeIgniter->run()
 6 SYSTEMPATH\Boot.php(67): CodeIgniter\Boot::runCodeIgniter(Object(CodeIgniter\CodeIgniter))
 7 FCPATH\index.php(56): CodeIgniter\Boot::bootWeb(Object(Config\Paths))
 8 SYSTEMPATH\rewrite.php(44): require_once('C:\\laragon\\www\\Project009\\public\\index.php')
