CRITICAL - 2024-12-04 03:43:24 --> ErrorException: Undefined variable $kriteria
[Method: GET, Route: Home/editkriteria/4]
in APPPATH\Views\update_kriteria.php on line 9.
 1 APPPATH\Views\update_kriteria.php(9): CodeIgniter\Debug\Exceptions->errorHandler(2, 'Undefined variable $kriteria', 'C:\\laragon\\www\\Project009\\app\\Views\\update_kriteria.php', 9)
 2 SYSTEMPATH\View\View.php(234): include('C:\\laragon\\www\\Project009\\app\\Views\\update_kriteria.php')
 3 SYSTEMPATH\View\View.php(237): CodeIgniter\View\View->CodeIgniter\View\{closure}()
 4 SYSTEMPATH\Common.php(1171): CodeIgniter\View\View->render('update_kriteria', [], true)
 5 APPPATH\Controllers\Home.php(111): view('update_kriteria')
 6 SYSTEMPATH\CodeIgniter.php(933): App\Controllers\Home->formEditKriteria('4')
 7 SYSTEMPATH\CodeIgniter.php(509): CodeIgniter\CodeIgniter->runController(Object(App\Controllers\Home))
 8 SYSTEMPATH\CodeIgniter.php(355): CodeIgniter\CodeIgniter->handleRequest(null, Object(Config\Cache), false)
 9 SYSTEMPATH\Boot.php(325): CodeIgniter\CodeIgniter->run()
10 SYSTEMPATH\Boot.php(67): CodeIgniter\Boot::runCodeIgniter(Object(CodeIgniter\CodeIgniter))
11 FCPATH\index.php(56): CodeIgniter\Boot::bootWeb(Object(Config\Paths))
12 SYSTEMPATH\rewrite.php(44): require_once('C:\\laragon\\www\\Project009\\public\\index.php')
CRITICAL - 2024-12-04 03:45:28 --> CodeIgniter\View\Exceptions\ViewException: Invalid file: "tambahkriteria.php"
[Method: GET, Route: Home/tambahkriteria]
in SYSTEMPATH\Exceptions\FrameworkException.php on line 41.
 1 SYSTEMPATH\View\View.php(222): CodeIgniter\Exceptions\FrameworkException::forInvalidFile('tambahkriteria.php')
 2 SYSTEMPATH\Common.php(1171): CodeIgniter\View\View->render('tambahkriteria', [], true)
 3 APPPATH\Controllers\Home.php(151): view('tambahkriteria')
 4 SYSTEMPATH\CodeIgniter.php(933): App\Controllers\Home->tambahKriteria()
 5 SYSTEMPATH\CodeIgniter.php(509): CodeIgniter\CodeIgniter->runController(Object(App\Controllers\Home))
 6 SYSTEMPATH\CodeIgniter.php(355): CodeIgniter\CodeIgniter->handleRequest(null, Object(Config\Cache), false)
 7 SYSTEMPATH\Boot.php(325): CodeIgniter\CodeIgniter->run()
 8 SYSTEMPATH\Boot.php(67): CodeIgniter\Boot::runCodeIgniter(Object(CodeIgniter\CodeIgniter))
 9 FCPATH\index.php(56): CodeIgniter\Boot::bootWeb(Object(Config\Paths))
10 SYSTEMPATH\rewrite.php(44): require_once('C:\\laragon\\www\\Project009\\public\\index.php')
CRITICAL - 2024-12-04 03:45:38 --> CodeIgniter\View\Exceptions\ViewException: Invalid file: "tambahkriteria.php"
[Method: GET, Route: Home/tambahkriteria]
in SYSTEMPATH\Exceptions\FrameworkException.php on line 41.
 1 SYSTEMPATH\View\View.php(222): CodeIgniter\Exceptions\FrameworkException::forInvalidFile('tambahkriteria.php')
 2 SYSTEMPATH\Common.php(1171): CodeIgniter\View\View->render('tambahkriteria', [], true)
 3 APPPATH\Controllers\Home.php(151): view('tambahkriteria')
 4 SYSTEMPATH\CodeIgniter.php(933): App\Controllers\Home->tambahKriteria()
 5 SYSTEMPATH\CodeIgniter.php(509): CodeIgniter\CodeIgniter->runController(Object(App\Controllers\Home))
 6 SYSTEMPATH\CodeIgniter.php(355): CodeIgniter\CodeIgniter->handleRequest(null, Object(Config\Cache), false)
 7 SYSTEMPATH\Boot.php(325): CodeIgniter\CodeIgniter->run()
 8 SYSTEMPATH\Boot.php(67): CodeIgniter\Boot::runCodeIgniter(Object(CodeIgniter\CodeIgniter))
 9 FCPATH\index.php(56): CodeIgniter\Boot::bootWeb(Object(Config\Paths))
10 SYSTEMPATH\rewrite.php(44): require_once('C:\\laragon\\www\\Project009\\public\\index.php')
CRITICAL - 2024-12-04 03:48:06 --> ErrorException: Undefined variable $kriteria
[Method: GET, Route: Home/editkriteria/2]
in APPPATH\Views\update_kriteria.php on line 9.
 1 APPPATH\Views\update_kriteria.php(9): CodeIgniter\Debug\Exceptions->errorHandler(2, 'Undefined variable $kriteria', 'C:\\laragon\\www\\Project009\\app\\Views\\update_kriteria.php', 9)
 2 SYSTEMPATH\View\View.php(234): include('C:\\laragon\\www\\Project009\\app\\Views\\update_kriteria.php')
 3 SYSTEMPATH\View\View.php(237): CodeIgniter\View\View->CodeIgniter\View\{closure}()
 4 SYSTEMPATH\Common.php(1171): CodeIgniter\View\View->render('update_kriteria', [], true)
 5 APPPATH\Controllers\Home.php(111): view('update_kriteria')
 6 SYSTEMPATH\CodeIgniter.php(933): App\Controllers\Home->formEditKriteria('2')
 7 SYSTEMPATH\CodeIgniter.php(509): CodeIgniter\CodeIgniter->runController(Object(App\Controllers\Home))
 8 SYSTEMPATH\CodeIgniter.php(355): CodeIgniter\CodeIgniter->handleRequest(null, Object(Config\Cache), false)
 9 SYSTEMPATH\Boot.php(325): CodeIgniter\CodeIgniter->run()
10 SYSTEMPATH\Boot.php(67): CodeIgniter\Boot::runCodeIgniter(Object(CodeIgniter\CodeIgniter))
11 FCPATH\index.php(56): CodeIgniter\Boot::bootWeb(Object(Config\Paths))
12 SYSTEMPATH\rewrite.php(44): require_once('C:\\laragon\\www\\Project009\\public\\index.php')
CRITICAL - 2024-12-04 03:50:32 --> ErrorException: Undefined variable $kriteria
[Method: GET, Route: Home/editkriteria/2]
in APPPATH\Views\update_kriteria.php on line 9.
 1 APPPATH\Views\update_kriteria.php(9): CodeIgniter\Debug\Exceptions->errorHandler(2, 'Undefined variable $kriteria', 'C:\\laragon\\www\\Project009\\app\\Views\\update_kriteria.php', 9)
 2 SYSTEMPATH\View\View.php(234): include('C:\\laragon\\www\\Project009\\app\\Views\\update_kriteria.php')
 3 SYSTEMPATH\View\View.php(237): CodeIgniter\View\View->CodeIgniter\View\{closure}()
 4 SYSTEMPATH\Common.php(1171): CodeIgniter\View\View->render('update_kriteria', [], true)
 5 APPPATH\Controllers\Home.php(111): view('update_kriteria')
 6 SYSTEMPATH\CodeIgniter.php(933): App\Controllers\Home->formEditKriteria('2')
 7 SYSTEMPATH\CodeIgniter.php(509): CodeIgniter\CodeIgniter->runController(Object(App\Controllers\Home))
 8 SYSTEMPATH\CodeIgniter.php(355): CodeIgniter\CodeIgniter->handleRequest(null, Object(Config\Cache), false)
 9 SYSTEMPATH\Boot.php(325): CodeIgniter\CodeIgniter->run()
10 SYSTEMPATH\Boot.php(67): CodeIgniter\Boot::runCodeIgniter(Object(CodeIgniter\CodeIgniter))
11 FCPATH\index.php(56): CodeIgniter\Boot::bootWeb(Object(Config\Paths))
12 SYSTEMPATH\rewrite.php(44): require_once('C:\\laragon\\www\\Project009\\public\\index.php')
